<testsuites id="" name="" tests="7" failures="7" skipped="0" errors="0" time="180.583187">
<testsuite name="bizoholic-frontend/links.spec.ts" timestamp="2026-02-01T07:33:34.529Z" hostname="bizoholic-frontend" tests="4" failures="4" skipped="0" time="302.645" errors="0">
<testcase name="Bizoholic Frontend Navigation › should have correct metadata" classname="bizoholic-frontend/links.spec.ts" time="75.063">
<failure message="links.spec.ts:19:9 should have correct metadata" type="FAILURE">
<![CDATA[  [bizoholic-frontend] › bizoholic-frontend/links.spec.ts:19:9 › Bizoholic Frontend Navigation › should have correct metadata 

    TimeoutError: page.goto: Timeout 30000ms exceeded.
    Call log:
      - navigating to "http://localhost:3000/", waiting until "load"


      14 |         });
      15 |
    > 16 |         await page.goto('/');
         |                    ^
      17 |     });
      18 |
      19 |     test('should have correct metadata', async ({ page }) => {
        at /home/alagiri/projects/bizosaas-platform/testing/playwright/tests/bizoholic-frontend/links.spec.ts:16:20
]]>
</failure>
</testcase>
<testcase name="Bizoholic Frontend Navigation › should navigate to valid service pages" classname="bizoholic-frontend/links.spec.ts" time="76.372">
<failure message="links.spec.ts:23:9 should navigate to valid service pages" type="FAILURE">
<![CDATA[  [bizoholic-frontend] › bizoholic-frontend/links.spec.ts:23:9 › Bizoholic Frontend Navigation › should navigate to valid service pages 

    TimeoutError: page.goto: Timeout 30000ms exceeded.
    Call log:
      - navigating to "http://localhost:3000/", waiting until "load"


      14 |         });
      15 |
    > 16 |         await page.goto('/');
         |                    ^
      17 |     });
      18 |
      19 |     test('should have correct metadata', async ({ page }) => {
        at /home/alagiri/projects/bizosaas-platform/testing/playwright/tests/bizoholic-frontend/links.spec.ts:16:20
]]>
</failure>
</testcase>
<testcase name="Bizoholic Frontend Navigation › should display footer links" classname="bizoholic-frontend/links.spec.ts" time="76.27">
<failure message="links.spec.ts:39:9 should display footer links" type="FAILURE">
<![CDATA[  [bizoholic-frontend] › bizoholic-frontend/links.spec.ts:39:9 › Bizoholic Frontend Navigation › should display footer links 

    TimeoutError: page.goto: Timeout 30000ms exceeded.
    Call log:
      - navigating to "http://localhost:3000/", waiting until "load"


      14 |         });
      15 |
    > 16 |         await page.goto('/');
         |                    ^
      17 |     });
      18 |
      19 |     test('should have correct metadata', async ({ page }) => {
        at /home/alagiri/projects/bizosaas-platform/testing/playwright/tests/bizoholic-frontend/links.spec.ts:16:20
]]>
</failure>
</testcase>
<testcase name="Bizoholic Frontend Navigation › should verify mobile menu behavior" classname="bizoholic-frontend/links.spec.ts" time="74.94">
<failure message="links.spec.ts:45:9 should verify mobile menu behavior" type="FAILURE">
<![CDATA[  [bizoholic-frontend] › bizoholic-frontend/links.spec.ts:45:9 › Bizoholic Frontend Navigation › should verify mobile menu behavior 

    TimeoutError: page.goto: Timeout 30000ms exceeded.
    Call log:
      - navigating to "http://localhost:3000/", waiting until "load"


      14 |         });
      15 |
    > 16 |         await page.goto('/');
         |                    ^
      17 |     });
      18 |
      19 |     test('should have correct metadata', async ({ page }) => {
        at /home/alagiri/projects/bizosaas-platform/testing/playwright/tests/bizoholic-frontend/links.spec.ts:16:20
]]>
</failure>
</testcase>
</testsuite>
<testsuite name="bizoholic-frontend/responsive.spec.ts" timestamp="2026-02-01T07:33:34.529Z" hostname="bizoholic-frontend" tests="3" failures="3" skipped="0" time="10.239" errors="0">
<testcase name="Bizoholic Responsive UI › should show hamburger menu on mobile" classname="bizoholic-frontend/responsive.spec.ts" time="3.446">
<failure message="responsive.spec.ts:8:9 should show hamburger menu on mobile" type="FAILURE">
<![CDATA[  [bizoholic-frontend] › bizoholic-frontend/responsive.spec.ts:8:9 › Bizoholic Responsive UI › should show hamburger menu on mobile 

    Error: page.goto: net::ERR_CONNECTION_REFUSED at http://localhost:3000/
    Call log:
      - navigating to "http://localhost:3000/", waiting until "load"


      3 | test.describe('Bizoholic Responsive UI', () => {
      4 |     test.beforeEach(async ({ page }) => {
    > 5 |         await page.goto('/');
        |                    ^
      6 |     });
      7 |
      8 |     test('should show hamburger menu on mobile', async ({ page, isMobile }) => {
        at /home/alagiri/projects/bizosaas-platform/testing/playwright/tests/bizoholic-frontend/responsive.spec.ts:5:20

    attachment #1: screenshot (image/png) ──────────────────────────────────────────────────────────
    ../test-results/responsive-Bizoholic-Respo-717ab-ow-hamburger-menu-on-mobile-bizoholic-frontend/test-failed-1.png
    ────────────────────────────────────────────────────────────────────────────────────────────────
]]>
</failure>
<system-out>
<![CDATA[
[[ATTACHMENT|../test-results/responsive-Bizoholic-Respo-717ab-ow-hamburger-menu-on-mobile-bizoholic-frontend/test-failed-1.png]]
]]>
</system-out>
</testcase>
<testcase name="Bizoholic Responsive UI › should display horizontal scroll areas on mobile" classname="bizoholic-frontend/responsive.spec.ts" time="3.499">
<failure message="responsive.spec.ts:23:9 should display horizontal scroll areas on mobile" type="FAILURE">
<![CDATA[  [bizoholic-frontend] › bizoholic-frontend/responsive.spec.ts:23:9 › Bizoholic Responsive UI › should display horizontal scroll areas on mobile 

    Error: page.goto: net::ERR_CONNECTION_REFUSED at http://localhost:3000/
    Call log:
      - navigating to "http://localhost:3000/", waiting until "load"


      3 | test.describe('Bizoholic Responsive UI', () => {
      4 |     test.beforeEach(async ({ page }) => {
    > 5 |         await page.goto('/');
        |                    ^
      6 |     });
      7 |
      8 |     test('should show hamburger menu on mobile', async ({ page, isMobile }) => {
        at /home/alagiri/projects/bizosaas-platform/testing/playwright/tests/bizoholic-frontend/responsive.spec.ts:5:20

    attachment #1: screenshot (image/png) ──────────────────────────────────────────────────────────
    ../test-results/responsive-Bizoholic-Respo-c52dd-ntal-scroll-areas-on-mobile-bizoholic-frontend/test-failed-1.png
    ────────────────────────────────────────────────────────────────────────────────────────────────
]]>
</failure>
<system-out>
<![CDATA[
[[ATTACHMENT|../test-results/responsive-Bizoholic-Respo-c52dd-ntal-scroll-areas-on-mobile-bizoholic-frontend/test-failed-1.png]]
]]>
</system-out>
</testcase>
<testcase name="Bizoholic Responsive UI › should adjust header layout on mobile" classname="bizoholic-frontend/responsive.spec.ts" time="3.294">
<failure message="responsive.spec.ts:34:9 should adjust header layout on mobile" type="FAILURE">
<![CDATA[  [bizoholic-frontend] › bizoholic-frontend/responsive.spec.ts:34:9 › Bizoholic Responsive UI › should adjust header layout on mobile 

    Error: page.goto: net::ERR_CONNECTION_REFUSED at http://localhost:3000/
    Call log:
      - navigating to "http://localhost:3000/", waiting until "load"


      3 | test.describe('Bizoholic Responsive UI', () => {
      4 |     test.beforeEach(async ({ page }) => {
    > 5 |         await page.goto('/');
        |                    ^
      6 |     });
      7 |
      8 |     test('should show hamburger menu on mobile', async ({ page, isMobile }) => {
        at /home/alagiri/projects/bizosaas-platform/testing/playwright/tests/bizoholic-frontend/responsive.spec.ts:5:20

    attachment #1: screenshot (image/png) ──────────────────────────────────────────────────────────
    ../test-results/responsive-Bizoholic-Respo-a78bd-ust-header-layout-on-mobile-bizoholic-frontend/test-failed-1.png
    ────────────────────────────────────────────────────────────────────────────────────────────────
]]>
</failure>
<system-out>
<![CDATA[
[[ATTACHMENT|../test-results/responsive-Bizoholic-Respo-a78bd-ust-header-layout-on-mobile-bizoholic-frontend/test-failed-1.png]]
]]>
</system-out>
</testcase>
</testsuite>
</testsuites>